IQ-TREE multicore version 2.1.4-beta COVID-edition for Linux 64-bit built Jun 24 2021
Developed by Bui Quang Minh, James Barbetti, Nguyen Lam Tung,
Olga Chernomor, Heiko Schmidt, Dominik Schrempf, Michael Woodhams.

Host:    IliaPC (AVX2, FMA3, 15 GB RAM)
Command: iqtree2 -m MFP -s demo_data/all_seqs_mafft.fa --prefix demo_data/tree_MF2 -T AUTO
Seed:    524089 (Using SPRNG - Scalable Parallel Random Number Generator)
Time:    Thu Apr 25 23:16:32 2024
Kernel:  AVX+FMA - auto-detect threads (24 CPU cores detected)

Reading alignment file demo_data/all_seqs_mafft.fa ... Fasta format detected
Alignment most likely contains DNA/RNA sequences
Alignment has 39 sequences with 6771 columns, 4754 distinct patterns
4433 parsimony-informative, 567 singleton sites, 1771 constant sites
             Gap/Ambiguity  Composition  p-value
   1  FJ593498.1     3.07%    failed      0.00%
   2  KX512433.1     3.07%    failed      0.01%
   3  KX779126.1     4.36%    failed      2.13%
   4  LC553715.1     3.57%    passed     43.91%
   5  MG663536.1     3.49%    failed      4.98%
   6  NC_003468.2    3.09%    passed     91.21%
   7  NC_005222.1    3.51%    passed      8.12%
   8  NC_005225.1    3.26%    passed     17.84%
   9  NC_005235.1    3.53%    failed      2.24%
  10  NC_005238.1    3.56%    passed     29.17%
  11  NC_006435.1    3.51%    passed     21.03%
  12  NC_010707.1    2.81%    passed     44.32%
  13  NC_034399.1    2.70%    passed     10.59%
  14  NC_034401.1    3.18%    failed      1.00%
  15  NC_034402.1    3.44%    failed      0.00%
  16  NC_034403.1    3.57%    passed      5.09%
  17  NC_034407.1    3.25%    passed     18.98%
  18  NC_034467.1    3.54%    passed     10.36%
  19  NC_034485.1    3.51%    passed     48.84%
  20  NC_034515.1    2.85%    passed     12.60%
  21  NC_034517.1    3.54%    failed      1.80%
  22  NC_034519.1    2.81%    passed     71.75%
  23  NC_034553.1    3.07%    passed     97.88%
  24  NC_034556.1    3.88%    passed     37.56%
  25  NC_034560.1    4.02%    passed     70.93%
  26  NC_034564.1    2.81%    failed      4.62%
  27  NC_038299.1    3.20%    passed      6.20%
  28  NC_038515.1    3.54%    passed     31.01%
  29  NC_038529.1    3.46%    failed      2.66%
  30  NC_038695.1    3.15%    failed      0.01%
  31  NC_038939.1    3.13%    failed      0.10%
  32  NC_055147.1    3.53%    passed     39.02%
  33  NC_055170.1    2.13%    failed      1.72%
  34  NC_055632.1    4.79%    failed      0.06%
  35  NC_055636.1    4.52%    passed     30.57%
  36  NC_077671.1    3.09%    passed     19.53%
  37  NC_078262.1    3.68%    passed     12.58%
  38  NC_078485.1    3.54%    passed      7.42%
  39  OR684449.1     7.09%    failed      2.04%
****  TOTAL          3.48%  15 sequences failed composition chi2 test (p-value<5%; df=3)


Create initial parsimony tree by phylogenetic likelihood library (PLL)... 0.028 seconds
Measuring multi-threading efficiency up to 24 CPU cores
Increase to 10 rounds for branch lengths
56 trees examined
Threads: 1 / Time: 24.131 sec / Speedup: 1.000 / Efficiency: 100% / LogL: -192853
Threads: 2 / Time: 13.931 sec / Speedup: 1.732 / Efficiency: 87% / LogL: -192853
Threads: 3 / Time: 10.659 sec / Speedup: 2.264 / Efficiency: 75% / LogL: -192853
Threads: 4 / Time: 11.198 sec / Speedup: 2.155 / Efficiency: 54% / LogL: -192853
Threads: 5 / Time: 7.503 sec / Speedup: 3.216 / Efficiency: 64% / LogL: -192853
Threads: 6 / Time: 5.659 sec / Speedup: 4.264 / Efficiency: 71% / LogL: -192853
Threads: 7 / Time: 5.465 sec / Speedup: 4.415 / Efficiency: 63% / LogL: -192853
Threads: 8 / Time: 5.292 sec / Speedup: 4.560 / Efficiency: 57% / LogL: -192853
Threads: 9 / Time: 5.483 sec / Speedup: 4.401 / Efficiency: 49% / LogL: -192853
BEST NUMBER OF THREADS: 8

Perform fast likelihood tree search using GTR+I+G model...
Estimate model parameters (epsilon = 5.000)
Perform nearest neighbor interchange...
Estimate model parameters (epsilon = 1.000)
1. Initial log-likelihood: -169331.512
2. Current log-likelihood: -169329.262
3. Current log-likelihood: -169328.095
Optimal log-likelihood: -169326.968
Rate parameters:  A-C: 7.23424  A-G: 9.10133  A-T: 2.38571  C-G: 3.68238  C-T: 20.46609  G-T: 1.00000
Base frequencies:  A: 0.330  C: 0.156  G: 0.211  T: 0.303
Proportion of invariable sites: 0.192
Gamma shape alpha: 0.602
Parameters optimization took 3 rounds (0.228 sec)
Time for fast ML tree search: 1.494 seconds

NOTE: ModelFinder requires 60 MB RAM!
ModelFinder will test up to 286 DNA models (sample size: 6771) ...
 No. Model         -LnL         df  AIC          AICc         BIC
  1  GTR+F         192561.916   83  385289.831   385291.916   385855.925
  2  GTR+F+I       180323.899   84  360815.798   360817.934   361388.712
  3  GTR+F+G4      169570.784   84  339309.569   339311.705   339882.483
  4  GTR+F+I+G4    169324.853   85  338819.706   338821.893   339399.441
  5  GTR+F+R2      173013.068   85  346196.136   346198.323   346775.870
  6  GTR+F+R3      170054.933   87  340283.866   340286.157   340877.241
  7  GTR+F+R4      169379.627   89  338937.254   338939.651   339544.269
  8  GTR+F+R5      169158.046   91  338498.092   338500.598   339118.748
  9  GTR+F+R6      169139.691   93  338465.383   338468.001   339099.680
 10  GTR+F+R7      169124.138   95  338438.276   338441.008   339086.214
 11  GTR+F+R8      169123.859   97  338441.718   338444.567   339103.297
 23  SYM+R7        171914.024   92  344012.048   344014.610   344639.525
 36  TVM+F+R7      169596.420   94  339380.840   339383.516   340021.958
 49  TVMe+R7       171928.067   91  344038.135   344040.641   344658.791
 62  TIM3+F+R7     169399.228   93  338984.456   338987.074   339618.753
 75  TIM3e+R7      173212.066   90  346604.132   346606.584   347217.968
 88  TIM2+F+R7     169711.891   93  339609.781   339612.400   340244.079
101  TIM2e+R7      172243.948   90  344667.896   344670.348   345281.732
114  TIM+F+R7      170011.566   93  340209.133   340211.751   340843.430
127  TIMe+R7       172866.865   90  345913.731   345916.183   346527.567
140  TPM3u+F+R7    169786.425   92  339756.850   339759.412   340384.327
153  TPM3+F+R7     169786.425   92  339756.850   339759.412   340384.327
166  TPM2u+F+R7    170047.710   92  340279.420   340281.982   340906.897
179  TPM2+F+R7     170047.617   92  340279.233   340281.796   340906.710
192  K3Pu+F+R7     170277.907   92  340739.814   340742.376   341367.291
205  K3P+R7        172892.366   89  345962.731   345965.129   346569.747
218  TN+F+R7       170011.762   92  340207.524   340210.086   340835.001
231  TNe+R7        173310.580   89  346799.161   346801.559   347406.177
244  HKY+F+R7      170280.457   91  340742.914   340745.421   341363.571
257  K2P+R7        173341.823   88  346859.647   346861.991   347459.842
270  F81+F+R7      175058.561   90  350297.122   350299.574   350910.958
283  JC+R7         176385.636   87  352945.272   352947.563   353538.647
Akaike Information Criterion:           GTR+F+R7
Corrected Akaike Information Criterion: GTR+F+R7
Bayesian Information Criterion:         GTR+F+R7
Best-fit model: GTR+F+R7 chosen according to BIC

All model information printed to demo_data/tree_MF2.model.gz
CPU time for ModelFinder: 1616.847 seconds (0h:26m:56s)
Wall-clock time for ModelFinder: 250.497 seconds (0h:4m:10s)

NOTE: 42 MB RAM (0 GB) is required!
Estimate model parameters (epsilon = 0.100)
1. Initial log-likelihood: -169124.138
2. Current log-likelihood: -169123.569
3. Current log-likelihood: -169123.339
4. Current log-likelihood: -169123.232
Optimal log-likelihood: -169123.148
Rate parameters:  A-C: 8.05494  A-G: 9.97402  A-T: 2.38683  C-G: 4.11119  C-T: 23.65448  G-T: 1.00000
Base frequencies:  A: 0.330  C: 0.156  G: 0.211  T: 0.303
Site proportion and rates:  (0.221,0.004) (0.131,0.047) (0.136,0.189) (0.169,0.529) (0.114,0.939) (0.136,1.903) (0.093,5.505)
Parameters optimization took 4 rounds (1.247 sec)
Computing ML distances based on estimated model parameters...
Computing ML distances took 0.021370 sec (of wall-clock time) 0.117299 sec(of CPU time)
WARNING: Some pairwise ML distances are too long (saturated)
Computing RapidNJ tree took 0.081544 sec (of wall-clock time) 0.029135 sec (of CPU time)
Log-likelihood of RapidNJ tree: -169165.187
--------------------------------------------------------------------
|             INITIALIZING CANDIDATE TREE SET                      |
--------------------------------------------------------------------
Generating 98 parsimony trees... 3.889 second
Computing log-likelihood of 98 initial trees ... 2.177 seconds
Current best score: -169123.148

Do NNI search on 20 best initial trees
Estimate model parameters (epsilon = 0.100)
BETTER TREE FOUND at iteration 1: -169123.052
Iteration 10 / LogL: -169188.520 / Time: 0h:0m:11s
Iteration 20 / LogL: -169151.480 / Time: 0h:0m:15s
Finish initializing candidate tree set (2)
Current best tree score: -169123.052 / CPU time: 13.678
Number of iterations: 20
--------------------------------------------------------------------
|               OPTIMIZING CANDIDATE TREE SET                      |
--------------------------------------------------------------------
Iteration 30 / LogL: -169129.457 / Time: 0h:0m:18s (0h:0m:46s left)
Iteration 40 / LogL: -169123.529 / Time: 0h:0m:22s (0h:0m:35s left)
Iteration 50 / LogL: -169127.024 / Time: 0h:0m:26s (0h:0m:27s left)
Iteration 60 / LogL: -169124.588 / Time: 0h:0m:29s (0h:0m:20s left)
Iteration 70 / LogL: -169123.231 / Time: 0h:0m:33s (0h:0m:14s left)
Iteration 80 / LogL: -169124.343 / Time: 0h:0m:36s (0h:0m:9s left)
Iteration 90 / LogL: -169125.319 / Time: 0h:0m:40s (0h:0m:5s left)
Iteration 100 / LogL: -169123.948 / Time: 0h:0m:44s (0h:0m:0s left)
TREE SEARCH COMPLETED AFTER 102 ITERATIONS / Time: 0h:0m:45s

--------------------------------------------------------------------
|                    FINALIZING TREE SEARCH                        |
--------------------------------------------------------------------
Performs final model parameters optimization
Estimate model parameters (epsilon = 0.010)
1. Initial log-likelihood: -169123.052
2. Current log-likelihood: -169122.990
3. Current log-likelihood: -169122.943
4. Current log-likelihood: -169122.900
5. Current log-likelihood: -169122.862
6. Current log-likelihood: -169122.833
7. Current log-likelihood: -169122.807
8. Current log-likelihood: -169122.775
9. Current log-likelihood: -169122.753
Optimal log-likelihood: -169122.740
Rate parameters:  A-C: 8.07787  A-G: 10.02072  A-T: 2.39763  C-G: 4.12799  C-T: 23.68921  G-T: 1.00000
Base frequencies:  A: 0.330  C: 0.156  G: 0.211  T: 0.303
Site proportion and rates:  (0.213,0.004) (0.137,0.044) (0.138,0.187) (0.174,0.531) (0.114,0.966) (0.133,1.935) (0.091,5.563)
Parameters optimization took 9 rounds (2.614 sec)
BEST SCORE FOUND : -169122.740
Total tree length: 23.965

Total number of iterations: 102
CPU time used for tree search: 320.655 sec (0h:5m:20s)
Wall-clock time used for tree search: 43.569 sec (0h:0m:43s)
Total CPU time used: 354.654 sec (0h:5m:54s)
Total wall-clock time used: 47.973 sec (0h:0m:47s)

Analysis results written to: 
  IQ-TREE report:                demo_data/tree_MF2.iqtree
  Maximum-likelihood tree:       demo_data/tree_MF2.treefile
  Likelihood distances:          demo_data/tree_MF2.mldist
  Screen log file:               demo_data/tree_MF2.log

Date and Time: Thu Apr 25 23:21:31 2024
