IQ-TREE multicore version 2.1.4-beta COVID-edition for Linux 64-bit built Jun 24 2021
Developed by Bui Quang Minh, James Barbetti, Nguyen Lam Tung,
Olga Chernomor, Heiko Schmidt, Dominik Schrempf, Michael Woodhams.

Host:    IliaPC (AVX2, FMA3, 15 GB RAM)
Command: iqtree2 -s demo_data/all_seqs_mafft.fa -m GTR+F+R7 -pre demo_data/tree_ufb -bb 1000 -nt AUTO
Seed:    622575 (Using SPRNG - Scalable Parallel Random Number Generator)
Time:    Thu Apr 25 23:21:44 2024
Kernel:  AVX+FMA - auto-detect threads (24 CPU cores detected)

Reading alignment file demo_data/all_seqs_mafft.fa ... Fasta format detected
Alignment most likely contains DNA/RNA sequences
Alignment has 39 sequences with 6771 columns, 4754 distinct patterns
4433 parsimony-informative, 567 singleton sites, 1771 constant sites
             Gap/Ambiguity  Composition  p-value
   1  FJ593498.1     3.07%    failed      0.00%
   2  KX512433.1     3.07%    failed      0.01%
   3  KX779126.1     4.36%    failed      2.13%
   4  LC553715.1     3.57%    passed     43.91%
   5  MG663536.1     3.49%    failed      4.98%
   6  NC_003468.2    3.09%    passed     91.21%
   7  NC_005222.1    3.51%    passed      8.12%
   8  NC_005225.1    3.26%    passed     17.84%
   9  NC_005235.1    3.53%    failed      2.24%
  10  NC_005238.1    3.56%    passed     29.17%
  11  NC_006435.1    3.51%    passed     21.03%
  12  NC_010707.1    2.81%    passed     44.32%
  13  NC_034399.1    2.70%    passed     10.59%
  14  NC_034401.1    3.18%    failed      1.00%
  15  NC_034402.1    3.44%    failed      0.00%
  16  NC_034403.1    3.57%    passed      5.09%
  17  NC_034407.1    3.25%    passed     18.98%
  18  NC_034467.1    3.54%    passed     10.36%
  19  NC_034485.1    3.51%    passed     48.84%
  20  NC_034515.1    2.85%    passed     12.60%
  21  NC_034517.1    3.54%    failed      1.80%
  22  NC_034519.1    2.81%    passed     71.75%
  23  NC_034553.1    3.07%    passed     97.88%
  24  NC_034556.1    3.88%    passed     37.56%
  25  NC_034560.1    4.02%    passed     70.93%
  26  NC_034564.1    2.81%    failed      4.62%
  27  NC_038299.1    3.20%    passed      6.20%
  28  NC_038515.1    3.54%    passed     31.01%
  29  NC_038529.1    3.46%    failed      2.66%
  30  NC_038695.1    3.15%    failed      0.01%
  31  NC_038939.1    3.13%    failed      0.10%
  32  NC_055147.1    3.53%    passed     39.02%
  33  NC_055170.1    2.13%    failed      1.72%
  34  NC_055632.1    4.79%    failed      0.06%
  35  NC_055636.1    4.52%    passed     30.57%
  36  NC_077671.1    3.09%    passed     19.53%
  37  NC_078262.1    3.68%    passed     12.58%
  38  NC_078485.1    3.54%    passed      7.42%
  39  OR684449.1     7.09%    failed      2.04%
****  TOTAL          3.48%  15 sequences failed composition chi2 test (p-value<5%; df=3)

Create initial parsimony tree by phylogenetic likelihood library (PLL)... 0.032 seconds
Generating 1000 samples for ultrafast bootstrap (seed: 622575)...

NOTE: 60 MB RAM (0 GB) is required!
Measuring multi-threading efficiency up to 24 CPU cores
Increase to 10 rounds for branch lengths
36 trees examined
Threads: 1 / Time: 24.012 sec / Speedup: 1.000 / Efficiency: 100% / LogL: -195740
Threads: 2 / Time: 12.994 sec / Speedup: 1.848 / Efficiency: 92% / LogL: -195740
Threads: 3 / Time: 9.675 sec / Speedup: 2.482 / Efficiency: 83% / LogL: -195740
Threads: 4 / Time: 7.354 sec / Speedup: 3.265 / Efficiency: 82% / LogL: -195740
Threads: 5 / Time: 6.416 sec / Speedup: 3.743 / Efficiency: 75% / LogL: -195740
Threads: 6 / Time: 5.753 sec / Speedup: 4.174 / Efficiency: 70% / LogL: -195740
Threads: 7 / Time: 5.850 sec / Speedup: 4.105 / Efficiency: 59% / LogL: -195740
Threads: 8 / Time: 5.828 sec / Speedup: 4.120 / Efficiency: 51% / LogL: -195740
Threads: 9 / Time: 5.518 sec / Speedup: 4.352 / Efficiency: 48% / LogL: -195740
BEST NUMBER OF THREADS: 6

Estimate model parameters (epsilon = 0.100)
1. Initial log-likelihood: -177626.058
2. Current log-likelihood: -169794.670
3. Current log-likelihood: -169359.228
4. Current log-likelihood: -169270.234
5. Current log-likelihood: -169233.068
6. Current log-likelihood: -169221.588
7. Current log-likelihood: -169216.811
8. Current log-likelihood: -169214.397
9. Current log-likelihood: -169212.860
10. Current log-likelihood: -169211.700
11. Current log-likelihood: -169210.883
12. Current log-likelihood: -169210.116
13. Current log-likelihood: -169209.432
14. Current log-likelihood: -169208.881
15. Current log-likelihood: -169208.362
16. Current log-likelihood: -169207.794
17. Current log-likelihood: -169207.304
18. Current log-likelihood: -169206.862
19. Current log-likelihood: -169206.449
20. Current log-likelihood: -169206.072
21. Current log-likelihood: -169205.712
22. Current log-likelihood: -169205.383
23. Current log-likelihood: -169205.075
24. Current log-likelihood: -169204.790
25. Current log-likelihood: -169204.519
26. Current log-likelihood: -169204.269
27. Current log-likelihood: -169204.038
28. Current log-likelihood: -169203.787
29. Current log-likelihood: -169203.564
30. Current log-likelihood: -169203.371
31. Current log-likelihood: -169203.192
32. Current log-likelihood: -169203.028
33. Current log-likelihood: -169202.873
34. Current log-likelihood: -169202.722
35. Current log-likelihood: -169202.583
36. Current log-likelihood: -169202.448
37. Current log-likelihood: -169202.320
38. Current log-likelihood: -169202.203
39. Current log-likelihood: -169202.088
40. Current log-likelihood: -169201.980
41. Current log-likelihood: -169201.879
Optimal log-likelihood: -169201.728
Rate parameters:  A-C: 8.03179  A-G: 9.95264  A-T: 2.42924  C-G: 4.09018  C-T: 23.43913  G-T: 1.00000
Base frequencies:  A: 0.330  C: 0.156  G: 0.211  T: 0.303
Site proportion and rates:  (0.216,0.004) (0.135,0.047) (0.134,0.192) (0.149,0.514) (0.131,0.892) (0.137,1.889) (0.097,5.290)
Parameters optimization took 41 rounds (16.206 sec)
Computing ML distances based on estimated model parameters...
Computing ML distances took 0.016208 sec (of wall-clock time) 0.087238 sec(of CPU time)
WARNING: Some pairwise ML distances are too long (saturated)
Computing RapidNJ tree took 0.056935 sec (of wall-clock time) 0.073189 sec (of CPU time)
Log-likelihood of RapidNJ tree: -169166.277
--------------------------------------------------------------------
|             INITIALIZING CANDIDATE TREE SET                      |
--------------------------------------------------------------------
Generating 98 parsimony trees... 3.959 second
Computing log-likelihood of 98 initial trees ... 2.497 seconds
Current best score: -169166.277

Do NNI search on 20 best initial trees
Estimate model parameters (epsilon = 0.100)
BETTER TREE FOUND at iteration 1: -169123.352
Iteration 10 / LogL: -169152.683 / Time: 0h:1m:53s
Iteration 20 / LogL: -169187.042 / Time: 0h:1m:59s
Finish initializing candidate tree set (1)
Current best tree score: -169123.352 / CPU time: 19.379
Number of iterations: 20
--------------------------------------------------------------------
|               OPTIMIZING CANDIDATE TREE SET                      |
--------------------------------------------------------------------
Iteration 30 / LogL: -169123.852 / Time: 0h:2m:3s (0h:5m:2s left)
Iteration 40 / LogL: -169126.756 / Time: 0h:2m:7s (0h:3m:18s left)
Iteration 50 / LogL: -169125.203 / Time: 0h:2m:10s (0h:2m:16s left)
Log-likelihood cutoff on original alignment: -169186.542
Iteration 60 / LogL: -169128.228 / Time: 0h:2m:14s (0h:1m:33s left)
Iteration 70 / LogL: -169123.426 / Time: 0h:2m:17s (0h:1m:1s left)
Iteration 80 / LogL: -169126.442 / Time: 0h:2m:21s (0h:0m:37s left)
Iteration 90 / LogL: -169123.504 / Time: 0h:2m:24s (0h:0m:17s left)
Iteration 100 / LogL: -169124.086 / Time: 0h:2m:28s (0h:0m:1s left)
Log-likelihood cutoff on original alignment: -169186.964
NOTE: Bootstrap correlation coefficient of split occurrence frequencies: 0.993
TREE SEARCH COMPLETED AFTER 102 ITERATIONS / Time: 0h:2m:29s

--------------------------------------------------------------------
|                    FINALIZING TREE SEARCH                        |
--------------------------------------------------------------------
Performs final model parameters optimization
Estimate model parameters (epsilon = 0.010)
1. Initial log-likelihood: -169123.352
2. Current log-likelihood: -169123.273
3. Current log-likelihood: -169123.227
4. Current log-likelihood: -169123.188
5. Current log-likelihood: -169123.152
6. Current log-likelihood: -169123.131
7. Current log-likelihood: -169123.120
8. Current log-likelihood: -169123.100
9. Current log-likelihood: -169123.081
10. Current log-likelihood: -169123.061
11. Current log-likelihood: -169123.043
12. Current log-likelihood: -169123.025
Optimal log-likelihood: -169123.012
Rate parameters:  A-C: 8.02668  A-G: 9.95859  A-T: 2.37802  C-G: 4.09924  C-T: 23.52959  G-T: 1.00000
Base frequencies:  A: 0.330  C: 0.156  G: 0.211  T: 0.303
Site proportion and rates:  (0.209,0.003) (0.139,0.043) (0.136,0.183) (0.161,0.509) (0.125,0.906) (0.138,1.898) (0.092,5.561)
Parameters optimization took 12 rounds (3.562 sec)
BEST SCORE FOUND : -169123.012
Creating bootstrap support values...
Split supports printed to NEXUS file demo_data/tree_ufb.splits.nex
Total tree length: 24.008

Total number of iterations: 102
CPU time used for tree search: 272.124 sec (0h:4m:32s)
Wall-clock time used for tree search: 49.119 sec (0h:0m:49s)
Total CPU time used: 704.863 sec (0h:11m:44s)
Total wall-clock time used: 153.172 sec (0h:2m:33s)

Computing bootstrap consensus tree...
Reading input file demo_data/tree_ufb.splits.nex...
39 taxa and 113 splits.
Consensus tree written to demo_data/tree_ufb.contree
Reading input trees file demo_data/tree_ufb.contree
Log-likelihood of consensus tree: -169123.005

Analysis results written to: 
  IQ-TREE report:                demo_data/tree_ufb.iqtree
  Maximum-likelihood tree:       demo_data/tree_ufb.treefile
  Likelihood distances:          demo_data/tree_ufb.mldist

Ultrafast bootstrap approximation results written to:
  Split support values:          demo_data/tree_ufb.splits.nex
  Consensus tree:                demo_data/tree_ufb.contree
  Screen log file:               demo_data/tree_ufb.log

Date and Time: Thu Apr 25 23:24:18 2024
